<?xml version="1.0" encoding="UTF-8"?>
<!-- Generated by org.testng.reporters.JUnitReportReporter -->
<testsuite hostname="DESKTOP-UMEFVFH" failures="0" tests="5" name="testCases.TC_003_LoginDDT" time="81.575" errors="0" timestamp="2026-02-19T14:04:12 IST" skipped="0">
  <testcase classname="testCases.TC_003_LoginDDT" name="verify_LoginDDT" time="20.391"/>
  <testcase classname="testCases.TC_003_LoginDDT" name="verify_LoginDDT" time="8.612"/>
  <testcase classname="testCases.TC_003_LoginDDT" name="verify_LoginDDT" time="16.052"/>
  <testcase classname="testCases.TC_003_LoginDDT" name="verify_LoginDDT" time="14.922"/>
  <testcase classname="testCases.TC_003_LoginDDT" name="verify_LoginDDT" time="21.598"/>
</testsuite> <!-- testCases.TC_003_LoginDDT -->
